<?xml version="1.0" encoding="UTF-8"?>
<testng-results ignored="0" total="1" passed="1" failed="0" skipped="0">
  <reporter-output>
  </reporter-output>
  <suite started-at="2021-08-01T08:59:18 EDT" name="InetBankingV1" finished-at="2021-08-01T08:59:22 EDT" duration-ms="4254">
    <groups>
    </groups>
    <test started-at="2021-08-01T08:59:18 EDT" name="BankingApp Test" finished-at="2021-08-01T08:59:22 EDT" duration-ms="4254">
      <class name="com.inetbanking.testcases.TC_LoginTest_001">
        <test-method is-config="true" signature="setup(java.lang.String)[pri:0, instance:com.inetbanking.testcases.TC_LoginTest_001@537f60bf]" started-at="2021-08-01T08:59:18 EDT" name="setup" finished-at="2021-08-01T08:59:21 EDT" duration-ms="2845" status="PASS">
          <params>
            <param index="0">
              <value>
                <![CDATA[chrome]]>
              </value>
            </param>
          </params>
          <reporter-output>
          </reporter-output>
        </test-method> <!-- setup -->
        <test-method signature="loginTest()[pri:0, instance:com.inetbanking.testcases.TC_LoginTest_001@537f60bf]" started-at="2021-08-01T08:59:21 EDT" name="loginTest" finished-at="2021-08-01T08:59:22 EDT" duration-ms="783" status="PASS">
          <reporter-output>
          </reporter-output>
        </test-method> <!-- loginTest -->
        <test-method is-config="true" signature="tearDown()[pri:0, instance:com.inetbanking.testcases.TC_LoginTest_001@537f60bf]" started-at="2021-08-01T08:59:22 EDT" name="tearDown" finished-at="2021-08-01T08:59:22 EDT" duration-ms="307" status="PASS">
          <reporter-output>
          </reporter-output>
        </test-method> <!-- tearDown -->
      </class> <!-- com.inetbanking.testcases.TC_LoginTest_001 -->
    </test> <!-- BankingApp Test -->
  </suite> <!-- InetBankingV1 -->
</testng-results>
